  AudioEngine.cpp
  Camera2D.cpp
  Engine.cpp
  EngineErrors.cpp
  GLSLProgram.cpp
  ImageLoader.cpp
  InputManager.cpp
  ParticleBatch2D.cpp
  ParticleEngine2D.cpp
  ResourceManager.cpp
  Sprite.cpp
Sprite.cpp(24): warning C4244: '=': conversion from 'float' to 'int', possible loss of data
Sprite.cpp(25): warning C4244: '=': conversion from 'float' to 'int', possible loss of data
Sprite.cpp(26): warning C4244: '=': conversion from 'float' to 'int', possible loss of data
Sprite.cpp(27): warning C4244: '=': conversion from 'float' to 'int', possible loss of data
  SpriteBatch.cpp
SpriteBatch.cpp(99): warning C4018: '<': signed/unsigned mismatch
SpriteBatch.cpp(128): warning C4018: '<': signed/unsigned mismatch
SpriteBatch.cpp(157): warning C4018: '<': signed/unsigned mismatch
  SpriteFont.cpp
  TextureCache.cpp
  Timing.cpp
  Window.cpp
  Engine.vcxproj -> C:\Users\trott\Documents\Visual Studio 2017\Projects\Graphics\Release\Engine.lib
