c:\users\trott\documents\visual studio 2017\projects\graphics\zombiegame\debug\vc141.pdb
c:\users\trott\documents\visual studio 2017\projects\graphics\zombiegame\debug\vc141.idb
c:\users\trott\documents\visual studio 2017\projects\graphics\zombiegame\debug\level.obj
c:\users\trott\documents\visual studio 2017\projects\graphics\zombiegame\debug\main.obj
c:\users\trott\documents\visual studio 2017\projects\graphics\zombiegame\debug\zombiegame.obj
c:\users\trott\documents\visual studio 2017\projects\graphics\zombiegame\debug\agent.obj
c:\users\trott\documents\visual studio 2017\projects\graphics\zombiegame\debug\bullet.obj
c:\users\trott\documents\visual studio 2017\projects\graphics\zombiegame\debug\human.obj
c:\users\trott\documents\visual studio 2017\projects\graphics\zombiegame\debug\player.obj
c:\users\trott\documents\visual studio 2017\projects\graphics\zombiegame\debug\gun.obj
c:\users\trott\documents\visual studio 2017\projects\graphics\zombiegame\debug\zombie.obj
c:\users\trott\documents\visual studio 2017\projects\graphics\debug\zombiegame.ilk
c:\users\trott\documents\visual studio 2017\projects\graphics\debug\zombiegame.exe
c:\users\trott\documents\visual studio 2017\projects\graphics\debug\zombiegame.pdb
c:\users\trott\documents\visual studio 2017\projects\graphics\zombiegame\debug\zombiegame.tlog\cl.command.1.tlog
c:\users\trott\documents\visual studio 2017\projects\graphics\zombiegame\debug\zombiegame.tlog\cl.read.1.tlog
c:\users\trott\documents\visual studio 2017\projects\graphics\zombiegame\debug\zombiegame.tlog\cl.write.1.tlog
c:\users\trott\documents\visual studio 2017\projects\graphics\zombiegame\debug\zombiegame.tlog\link.command.1.tlog
c:\users\trott\documents\visual studio 2017\projects\graphics\zombiegame\debug\zombiegame.tlog\link.read.1.tlog
c:\users\trott\documents\visual studio 2017\projects\graphics\zombiegame\debug\zombiegame.tlog\link.write.1.tlog
